::1 - - [25/Aug/2023:15:49:23 +0000] "POST /groups/createGroup HTTP/1.1" 200 29 "-" "curl/7.65.3"
::1 - - [25/Aug/2023:15:49:23 +0000] "GET /groups/listUserGroups?user_id=Alice HTTP/1.1" 200 40 "-" "curl/7.65.3"
::1 - - [25/Aug/2023:15:49:23 +0000] "GET /groups/listGroupMembers?group_id=1 HTTP/1.1" 200 73 "-" "curl/7.65.3"
::1 - - [25/Aug/2023:15:50:51 +0000] "POST /groups/sendToGroup HTTP/1.1" - - "-" "curl/7.65.3"
::1 - - [25/Aug/2023:15:51:07 +0000] "POST /groups/createGroup HTTP/1.1" 200 29 "-" "curl/7.65.3"
::1 - - [25/Aug/2023:15:51:07 +0000] "GET /groups/listUserGroups?user_id=Alice HTTP/1.1" 200 68 "-" "curl/7.65.3"
::1 - - [25/Aug/2023:15:51:07 +0000] "GET /groups/listGroupMembers?group_id=1 HTTP/1.1" 200 73 "-" "curl/7.65.3"
::1 - - [25/Aug/2023:15:51:58 +0000] "POST /groups/createGroup HTTP/1.1" 200 29 "-" "curl/7.65.3"
::1 - - [25/Aug/2023:15:51:58 +0000] "GET /groups/listUserGroups?user_id=Alice HTTP/1.1" 200 96 "-" "curl/7.65.3"
::1 - - [25/Aug/2023:15:51:58 +0000] "GET /groups/listGroupMembers?group_id=1 HTTP/1.1" 200 73 "-" "curl/7.65.3"
::1 - - [25/Aug/2023:15:53:30 +0000] "POST /groups/createGroup HTTP/1.1" 200 29 "-" "curl/7.65.3"
::1 - - [25/Aug/2023:15:53:30 +0000] "GET /groups/listUserGroups?user_id=Alice HTTP/1.1" 200 124 "-" "curl/7.65.3"
::1 - - [25/Aug/2023:15:53:30 +0000] "GET /groups/listGroupMembers?group_id=1 HTTP/1.1" 200 73 "-" "curl/7.65.3"
::1 - - [25/Aug/2023:15:54:37 +0000] "POST /groups/createGroup HTTP/1.1" 200 29 "-" "curl/7.65.3"
::1 - - [25/Aug/2023:15:54:37 +0000] "GET /groups/listUserGroups?user_id=Alice HTTP/1.1" 200 152 "-" "curl/7.65.3"
::1 - - [25/Aug/2023:15:54:37 +0000] "GET /groups/listGroupMembers?group_id=1 HTTP/1.1" 200 73 "-" "curl/7.65.3"
::1 - - [25/Aug/2023:15:54:37 +0000] "POST /groups/sendToGroup HTTP/1.1" 200 16 "-" "curl/7.65.3"
::1 - - [25/Aug/2023:15:54:37 +0000] "GET /groups/getGroupMessages?group_id=1 HTTP/1.1" 200 131 "-" "curl/7.65.3"
::1 - - [25/Aug/2023:15:54:37 +0000] "POST /groups/removeUserFromGroup HTTP/1.1" 200 16 "-" "curl/7.65.3"
::1 - - [25/Aug/2023:15:54:37 +0000] "GET /groups/listGroupMembers?group_id=1 HTTP/1.1" 200 53 "-" "curl/7.65.3"
::1 - - [25/Aug/2023:15:54:37 +0000] "POST /groups/deleteGroup HTTP/1.1" 200 16 "-" "curl/7.65.3"
::1 - - [25/Aug/2023:15:55:39 +0000] "POST /groups/createGroup HTTP/1.1" 200 29 "-" "curl/7.65.3"
::1 - - [25/Aug/2023:15:55:40 +0000] "GET /groups/listUserGroups?user_id=Alice HTTP/1.1" 200 152 "-" "curl/7.65.3"
::1 - - [25/Aug/2023:15:55:40 +0000] "GET /groups/listGroupMembers?group_id=1 HTTP/1.1" 200 53 "-" "curl/7.65.3"
::1 - - [25/Aug/2023:15:55:40 +0000] "POST /groups/sendToGroup HTTP/1.1" 400 32 "-" "curl/7.65.3"
::1 - - [25/Aug/2023:15:55:40 +0000] "GET /groups/getGroupMessages?group_id=1 HTTP/1.1" 200 131 "-" "curl/7.65.3"
::1 - - [25/Aug/2023:15:55:40 +0000] "POST /groups/removeUserFromGroup HTTP/1.1" 200 16 "-" "curl/7.65.3"
::1 - - [25/Aug/2023:15:55:40 +0000] "GET /groups/listGroupMembers?group_id=1 HTTP/1.1" 200 53 "-" "curl/7.65.3"
::1 - - [25/Aug/2023:15:55:40 +0000] "POST /groups/deleteGroup HTTP/1.1" 200 16 "-" "curl/7.65.3"
::1 - - [25/Aug/2023:15:59:04 +0000] "POST /groups/createGroup HTTP/1.1" 200 29 "-" "curl/7.65.3"
::1 - - [25/Aug/2023:15:59:04 +0000] "GET /groups/listUserGroups?user_id=Alice HTTP/1.1" 200 40 "-" "curl/7.65.3"
::1 - - [25/Aug/2023:15:59:04 +0000] "GET /groups/listGroupMembers?group_id=1 HTTP/1.1" 200 73 "-" "curl/7.65.3"
::1 - - [25/Aug/2023:15:59:04 +0000] "POST /groups/sendToGroup HTTP/1.1" 200 16 "-" "curl/7.65.3"
::1 - - [25/Aug/2023:15:59:04 +0000] "GET /groups/getGroupMessages?group_id=1 HTTP/1.1" 200 131 "-" "curl/7.65.3"
::1 - - [25/Aug/2023:15:59:04 +0000] "POST /groups/removeUserFromGroup HTTP/1.1" 200 16 "-" "curl/7.65.3"
::1 - - [25/Aug/2023:15:59:04 +0000] "GET /groups/listGroupMembers?group_id=1 HTTP/1.1" 200 53 "-" "curl/7.65.3"
::1 - - [25/Aug/2023:15:59:04 +0000] "POST /groups/deleteGroup HTTP/1.1" 200 16 "-" "curl/7.65.3"
